<?xml version="1.0" encoding="UTF-8"?>
<!-- Generated by org.testng.reporters.JUnitXMLReporter -->
<testsuite hostname="AmirPC" ignored="0" name="Default test" tests="3" failures="0" timestamp="2020-09-28T18:26:04 PKT" time="118.572" errors="0">
  <testcase name="TU_Registration" time="51.875" classname="avien_e.avien_e.NewTest"/>
  <testcase name="validation" time="0.035" classname="avien_e.avien_e.NewTest"/>
  <testcase name="StartMatching" time="0.055" classname="avien_e.avien_e.NewTest"/>
</testsuite> <!-- Default test -->
